[1] "[info] start run label-free workflow!"
[1] "view of the analysis workspace object in current pipeline:"
List of 4
 $ dirs        : List of 5
 ..$ summary             : chr "demo/analysis/01.summary"
 ..$ stat                : chr "demo/analysis/02.stat"
 ..$ dep_analysis        : chr "demo/analysis/03.dep_analysis"
 ..$ biological_analysis : chr "demo/analysis/04.biological_analysis"
 ..$ ppi_analysis        : chr "demo/analysis/05.ppi_analysis"

 $ args        : List of 2
 ..$ log2FC_level : int 2
 ..$ cor_cutoff   : num  0.95

 $ analysis    : List of 5
 ..$ a : List of 2
 ....$ treatment : chr "C6"
 ....$ control   : chr "C9"

 ..$ b : List of 2
 ....$ treatment : chr "C6"
 ....$ control   : chr "I56"

 ..$ c : List of 2
 ....$ treatment : chr "C6"
 ....$ control   : chr "I59"

 ..$ d : List of 2
 ....$ treatment : chr "C6"
 ....$ control   : chr "I86"

 ..$ e : List of 2
 ....$ treatment : chr "C6"
 ....$ control   : chr "I89"


 $ sample_info : any [1:24]  (C6) C61  (C6) C62  (C6) C63  (C6) C64  (C9) C91  (C9) C92 ...

[1] "run manifold clustering for 5 data analysis:"
List of 2
 $ treatment : chr "C6"
 $ control   : chr "C9"

[1]	"C61" "C62" "C63" "C64" "C91" "C92" "C93" "C94" 
List of 2
 $ treatment : chr "C6"
 $ control   : chr "I56"

[1]	"C61"  "C62"  "C63"  "C64"  "I561" "I562" "I563" "I564" 
List of 2
 $ treatment : chr "C6"
 $ control   : chr "I59"

[1]	"C61"  "C62"  "C63"  "C64"  "I591" "I592" "I593" "I594" 
List of 2
 $ treatment : chr "C6"
 $ control   : chr "I86"

[1]	"C61"  "C62"  "C63"  "C64"  "I861" "I862" "I863" "I864" 
List of 2
 $ treatment : chr "C6"
 $ control   : chr "I89"

[1]	"C61"  "C62"  "C63"  "C64"  "I891" "I892" "I893" "I894" 
